<?xml version="1.0" encoding="UTF-8"?>
<testsuite name="Cucumber" time="99.585" tests="4" skipped="0" failures="4" errors="0">
<testcase classname="CLick on WebPart of IndianExpress" name="Website Navigation and Data Extraction - Example #1.1" time="49.764">
<failure type="com.microsoft.playwright.TimeoutError" message="Error {
  message='Timeout 30000ms exceeded.
=========================== logs ===========================
waiting for getByRole(AriaRole.LINK, new Page.GetByRoleOptions().setName(&quot;India&quot;).setExact(true))
============================================================
  name='TimeoutError
  stack='TimeoutError: Timeout 30000ms exceeded.
=========================== logs ===========================
waiting for getByRole(AriaRole.LINK, new Page.GetByRoleOptions().setName(&quot;India&quot;).setExact(true))
============================================================
    at ProgressController.run (C:\Users\kprasad\AppData\Local\Temp\playwright-java-15509707695809483779\package\lib\server\progress.js:88:26)
    at Frame.click (C:\Users\kprasad\AppData\Local\Temp\playwright-java-15509707695809483779\package\lib\server\frames.js:994:23)
    at FrameDispatcher.click (C:\Users\kprasad\AppData\Local\Temp\playwright-java-15509707695809483779\package\lib\server\dispatchers\frameDispatcher.js:154:30)
    at DispatcherConnection.dispatch (C:\Users\kprasad\AppData\Local\Temp\playwright-java-15509707695809483779\package\lib\server\dispatchers\dispatcher.js:313:46)
}">
<![CDATA[com.microsoft.playwright.TimeoutError: Error {
  message='Timeout 30000ms exceeded.
=========================== logs ===========================
waiting for getByRole(AriaRole.LINK, new Page.GetByRoleOptions().setName("India").setExact(true))
============================================================
  name='TimeoutError
  stack='TimeoutError: Timeout 30000ms exceeded.
=========================== logs ===========================
waiting for getByRole(AriaRole.LINK, new Page.GetByRoleOptions().setName("India").setExact(true))
============================================================
    at ProgressController.run (C:\Users\kprasad\AppData\Local\Temp\playwright-java-15509707695809483779\package\lib\server\progress.js:88:26)
    at Frame.click (C:\Users\kprasad\AppData\Local\Temp\playwright-java-15509707695809483779\package\lib\server\frames.js:994:23)
    at FrameDispatcher.click (C:\Users\kprasad\AppData\Local\Temp\playwright-java-15509707695809483779\package\lib\server\dispatchers\frameDispatcher.js:154:30)
    at DispatcherConnection.dispatch (C:\Users\kprasad\AppData\Local\Temp\playwright-java-15509707695809483779\package\lib\server\dispatchers\dispatcher.js:313:46)
}
	at com.microsoft.playwright.impl.WaitableResult.get(WaitableResult.java:52)
	at com.microsoft.playwright.impl.ChannelOwner.runUntil(ChannelOwner.java:111)
	at com.microsoft.playwright.impl.Connection.sendMessage(Connection.java:126)
	at com.microsoft.playwright.impl.ChannelOwner.sendMessage(ChannelOwner.java:102)
	at com.microsoft.playwright.impl.FrameImpl.clickImpl(FrameImpl.java:252)
	at com.microsoft.playwright.impl.FrameImpl.lambda$click$8(FrameImpl.java:243)
	at com.microsoft.playwright.impl.LoggingSupport.lambda$withLogging$0(LoggingSupport.java:36)
	at com.microsoft.playwright.impl.LoggingSupport.withLogging(LoggingSupport.java:47)
	at com.microsoft.playwright.impl.ChannelOwner.withLogging(ChannelOwner.java:87)
	at com.microsoft.playwright.impl.LoggingSupport.withLogging(LoggingSupport.java:35)
	at com.microsoft.playwright.impl.FrameImpl.click(FrameImpl.java:243)
	at com.microsoft.playwright.impl.LocatorImpl.click(LocatorImpl.java:140)
	at com.microsoft.playwright.Locator.click(Locator.java:2341)
	at stepdefinitions.UIStepDefinitions.lambda$0(UIStepDefinitions.java:91)
	at com.microsoft.playwright.impl.ChannelOwner.runUntil(ChannelOwner.java:107)
	at com.microsoft.playwright.impl.PageImpl.waitForEventWithTimeout(PageImpl.java:483)
	at com.microsoft.playwright.impl.PageImpl.waitForPopupImpl(PageImpl.java:451)
	at com.microsoft.playwright.impl.PageImpl.lambda$waitForPopup$4(PageImpl.java:444)
	at com.microsoft.playwright.impl.WaitForEventLogger.lambda$get$0(WaitForEventLogger.java:50)
	at com.microsoft.playwright.impl.LoggingSupport.withLogging(LoggingSupport.java:47)
	at com.microsoft.playwright.impl.ChannelOwner.withLogging(ChannelOwner.java:87)
	at com.microsoft.playwright.impl.WaitForEventLogger.get(WaitForEventLogger.java:41)
	at com.microsoft.playwright.impl.ChannelOwner.withWaitLogging(ChannelOwner.java:80)
	at com.microsoft.playwright.impl.PageImpl.waitForPopup(PageImpl.java:444)
	at com.microsoft.playwright.Page.waitForPopup(Page.java:7385)
	at stepdefinitions.UIStepDefinitions.navigate_label_links(UIStepDefinitions.java:90)
	at âœ½.User click on linklabels "India"(file:///C:/StepIn/stepin-expleo-Team4/src/test/resources/features/WebUI/IndianExpress.feature:6)
Caused by: com.microsoft.playwright.TimeoutError: Error {
  message='Timeout 30000ms exceeded.
=========================== logs ===========================
waiting for getByRole(AriaRole.LINK, new Page.GetByRoleOptions().setName("India").setExact(true))
============================================================
  name='TimeoutError
  stack='TimeoutError: Timeout 30000ms exceeded.
=========================== logs ===========================
waiting for getByRole(AriaRole.LINK, new Page.GetByRoleOptions().setName("India").setExact(true))
============================================================
    at ProgressController.run (C:\Users\kprasad\AppData\Local\Temp\playwright-java-15509707695809483779\package\lib\server\progress.js:88:26)
    at Frame.click (C:\Users\kprasad\AppData\Local\Temp\playwright-java-15509707695809483779\package\lib\server\frames.js:994:23)
    at FrameDispatcher.click (C:\Users\kprasad\AppData\Local\Temp\playwright-java-15509707695809483779\package\lib\server\dispatchers\frameDispatcher.js:154:30)
    at DispatcherConnection.dispatch (C:\Users\kprasad\AppData\Local\Temp\playwright-java-15509707695809483779\package\lib\server\dispatchers\dispatcher.js:313:46)
}
	at com.microsoft.playwright.impl.Connection.dispatch(Connection.java:224)
	at com.microsoft.playwright.impl.Connection.processOneMessage(Connection.java:206)
	at com.microsoft.playwright.impl.ChannelOwner.runUntil(ChannelOwner.java:109)
	at com.microsoft.playwright.impl.Connection.sendMessage(Connection.java:126)
	at com.microsoft.playwright.impl.ChannelOwner.sendMessage(ChannelOwner.java:102)
	at com.microsoft.playwright.impl.FrameImpl.clickImpl(FrameImpl.java:252)
	at com.microsoft.playwright.impl.FrameImpl.lambda$click$8(FrameImpl.java:243)
	at com.microsoft.playwright.impl.LoggingSupport.lambda$withLogging$0(LoggingSupport.java:36)
	at com.microsoft.playwright.impl.LoggingSupport.withLogging(LoggingSupport.java:47)
	at com.microsoft.playwright.impl.ChannelOwner.withLogging(ChannelOwner.java:87)
	at com.microsoft.playwright.impl.LoggingSupport.withLogging(LoggingSupport.java:35)
	at com.microsoft.playwright.impl.FrameImpl.click(FrameImpl.java:243)
	at com.microsoft.playwright.impl.LocatorImpl.click(LocatorImpl.java:140)
	at com.microsoft.playwright.Locator.click(Locator.java:2341)
	at stepdefinitions.UIStepDefinitions.lambda$0(UIStepDefinitions.java:91)
	at com.microsoft.playwright.impl.ChannelOwner.runUntil(ChannelOwner.java:107)
	at com.microsoft.playwright.impl.PageImpl.waitForEventWithTimeout(PageImpl.java:483)
	at com.microsoft.playwright.impl.PageImpl.waitForPopupImpl(PageImpl.java:451)
	at com.microsoft.playwright.impl.PageImpl.lambda$waitForPopup$4(PageImpl.java:444)
	at com.microsoft.playwright.impl.WaitForEventLogger.lambda$get$0(WaitForEventLogger.java:50)
	at com.microsoft.playwright.impl.LoggingSupport.withLogging(LoggingSupport.java:47)
	at com.microsoft.playwright.impl.ChannelOwner.withLogging(ChannelOwner.java:87)
	at com.microsoft.playwright.impl.WaitForEventLogger.get(WaitForEventLogger.java:41)
	at com.microsoft.playwright.impl.ChannelOwner.withWaitLogging(ChannelOwner.java:80)
	at com.microsoft.playwright.impl.PageImpl.waitForPopup(PageImpl.java:444)
	at com.microsoft.playwright.Page.waitForPopup(Page.java:7385)
	at stepdefinitions.UIStepDefinitions.navigate_label_links(UIStepDefinitions.java:90)
	at java.base/jdk.internal.reflect.DirectMethodHandleAccessor.invoke(DirectMethodHandleAccessor.java:103)
	at java.base/java.lang.reflect.Method.invoke(Method.java:580)
	at io.cucumber.java.Invoker.doInvoke(Invoker.java:66)
	at io.cucumber.java.Invoker.invoke(Invoker.java:24)
	at io.cucumber.java.AbstractGlueDefinition.invokeMethod(AbstractGlueDefinition.java:47)
	at io.cucumber.java.JavaStepDefinition.execute(JavaStepDefinition.java:29)
	at io.cucumber.core.runner.CoreStepDefinition.execute(CoreStepDefinition.java:66)
	at io.cucumber.core.runner.PickleStepDefinitionMatch.runStep(PickleStepDefinitionMatch.java:63)
	at io.cucumber.core.runner.ExecutionMode$1.execute(ExecutionMode.java:10)
	at io.cucumber.core.runner.TestStep.executeStep(TestStep.java:84)
	at io.cucumber.core.runner.TestStep.run(TestStep.java:56)
	at io.cucumber.core.runner.PickleStepTestStep.run(PickleStepTestStep.java:51)
	at io.cucumber.core.runner.TestCase.run(TestCase.java:84)
	at io.cucumber.core.runner.Runner.runPickle(Runner.java:75)
	at io.cucumber.junit.PickleRunners$NoStepDescriptions.lambda$run$0(PickleRunners.java:151)
	at io.cucumber.core.runtime.CucumberExecutionContext.lambda$runTestCase$5(CucumberExecutionContext.java:137)
	at io.cucumber.core.runtime.RethrowingThrowableCollector.executeAndThrow(RethrowingThrowableCollector.java:23)
	at io.cucumber.core.runtime.CucumberExecutionContext.runTestCase(CucumberExecutionContext.java:137)
	at io.cucumber.junit.PickleRunners$NoStepDescriptions.run(PickleRunners.java:148)
	at io.cucumber.junit.FeatureRunner.runChild(FeatureRunner.java:144)
	at io.cucumber.junit.FeatureRunner.runChild(FeatureRunner.java:28)
	at org.junit.runners.ParentRunner$4.run(ParentRunner.java:331)
	at org.junit.runners.ParentRunner$1.schedule(ParentRunner.java:79)
	at org.junit.runners.ParentRunner.runChildren(ParentRunner.java:329)
	at org.junit.runners.ParentRunner.access$100(ParentRunner.java:66)
	at org.junit.runners.ParentRunner$2.evaluate(ParentRunner.java:293)
	at org.junit.runners.ParentRunner$3.evaluate(ParentRunner.java:306)
	at org.junit.runners.ParentRunner.run(ParentRunner.java:413)
	at io.cucumber.junit.FeatureRunner.run(FeatureRunner.java:137)
	at io.cucumber.junit.Cucumber.runChild(Cucumber.java:196)
	at io.cucumber.junit.Cucumber.runChild(Cucumber.java:89)
	at org.junit.runners.ParentRunner$4.run(ParentRunner.java:331)
	at org.junit.runners.ParentRunner$1.schedule(ParentRunner.java:79)
	at org.junit.runners.ParentRunner.runChildren(ParentRunner.java:329)
	at org.junit.runners.ParentRunner.access$100(ParentRunner.java:66)
	at org.junit.runners.ParentRunner$2.evaluate(ParentRunner.java:293)
	at io.cucumber.core.runtime.CucumberExecutionContext.lambda$runFeatures$6(CucumberExecutionContext.java:148)
	at io.cucumber.core.runtime.CucumberExecutionContext.execute(CucumberExecutionContext.java:163)
	at io.cucumber.core.runtime.CucumberExecutionContext.runFeatures(CucumberExecutionContext.java:146)
	at io.cucumber.junit.Cucumber$StartAndFinishTestRun.evaluate(Cucumber.java:226)
	at org.junit.internal.runners.statements.RunAfters.evaluate(RunAfters.java:27)
	at org.junit.runners.ParentRunner$3.evaluate(ParentRunner.java:306)
	at org.junit.runners.ParentRunner.run(ParentRunner.java:413)
	at org.eclipse.jdt.internal.junit4.runner.JUnit4TestReference.run(JUnit4TestReference.java:93)
	at org.eclipse.jdt.internal.junit.runner.TestExecution.run(TestExecution.java:40)
	at org.eclipse.jdt.internal.junit.runner.RemoteTestRunner.runTests(RemoteTestRunner.java:529)
	at org.eclipse.jdt.internal.junit.runner.RemoteTestRunner.runTests(RemoteTestRunner.java:757)
	at org.eclipse.jdt.internal.junit.runner.RemoteTestRunner.run(RemoteTestRunner.java:452)
	at org.eclipse.jdt.internal.junit.runner.RemoteTestRunner.main(RemoteTestRunner.java:210)
]]>
</failure>
<system-out><![CDATA[
Given User launches IndianExpress...........................................passed
When User click on linklabels "India".......................................failed
]]></system-out>
</testcase>
<testcase classname="CLick on WebPart of IndianExpress" name="Website Navigation and Data Extraction - Example #1.1" time="16.93">
<failure/>
<system-out><![CDATA[
Given User launches IndianExpress...........................................passed
When User click on linklabels...............................................undefined
]]></system-out>
</testcase>
<testcase classname="CLick on WebPart of IndianExpress" name="Website Navigation and Data Extraction - Example #1.2" time="16.124">
<failure/>
<system-out><![CDATA[
Given User launches IndianExpress...........................................passed
When User click on linklabels...............................................undefined
]]></system-out>
</testcase>
<testcase classname="CLick on WebPart of IndianExpress" name="Website Navigation and Data Extraction - Example #1.3" time="16.443">
<failure/>
<system-out><![CDATA[
Given User launches IndianExpress...........................................passed
When User click on linklabels...............................................undefined
]]></system-out>
</testcase>
</testsuite>
